0 verbose cli C:\Program Files\nodejs\node.exe C:\Program Files\nodejs\node_modules\npm\bin\npm-cli.js
1 info using npm@10.8.2
2 info using node@v20.17.0
3 silly config load:file:C:\Program Files\nodejs\node_modules\npm\npmrc
4 silly config load:file:C:\Users\anaka\OneDrive\Desktop\PureReact\crwn-clothing\.npmrc
5 silly config load:file:C:\Users\anaka\.npmrc
6 silly config load:file:C:\Users\anaka\OneDrive\Desktop\PureReact\crwn-clothing\%APPDATA%npm\etc\npmrc
7 verbose title npm start
8 verbose argv "start"
9 verbose logfile logs-max:10 dir:C:\Users\anaka\OneDrive\Desktop\PureReact\crwn-clothing\UsersanakaAppDataLocalnpm-cache\_logs\2024-10-02T10_44_22_560Z-
10 verbose logfile C:\Users\anaka\OneDrive\Desktop\PureReact\crwn-clothing\UsersanakaAppDataLocalnpm-cache\_logs\2024-10-02T10_44_22_560Z-debug-0.log
11 silly logfile start cleaning logs, removing 1 files
12 silly logfile done cleaning log files
13 http fetch GET 200 https://registry.npmjs.org/npm 1045ms
14 verbose cwd C:\Users\anaka\OneDrive\Desktop\PureReact\crwn-clothing
15 verbose os Windows_NT 10.0.22631
16 verbose node v20.17.0
17 verbose npm  v10.8.2
18 notice
18 notice New [36mpatch[39m version of npm available! [36m10.8.2[39m -> [34m10.8.3[39m
18 notice Changelog: [34mhttps://github.com/npm/cli/releases/tag/v10.8.3[39m
18 notice To update run: [4mnpm install -g npm@10.8.3[24m
18 notice  { force: true, [Symbol(proc-log.meta)]: true }
19 verbose exit 1073807364
20 verbose code 1073807364
