0 verbose cli C:\Program Files\nodejs\node.exe C:\Program Files\nodejs\node_modules\npm\bin\npm-cli.js
1 info using npm@10.8.2
2 info using node@v20.17.0
3 silly config load:file:C:\Program Files\nodejs\node_modules\npm\npmrc
4 silly config load:file:c:\Users\anaka\OneDrive\Desktop\PureReact\crwn-clothing\.npmrc
5 silly config load:file:C:\Users\anaka\.npmrc
6 silly config load:file:c:\Users\anaka\OneDrive\Desktop\PureReact\crwn-clothing\%APPDATA%npm\etc\npmrc
7 verbose title npm view web-vitals description dist-tags.latest homepage version time
8 verbose argv "view" "--json" "--" "web-vitals" "description" "dist-tags.latest" "homepage" "version" "time"
9 verbose logfile logs-max:10 dir:C:\Users\anaka\OneDrive\Desktop\PureReact\crwn-clothing\UsersanakaAppDataLocalnpm-cache\_logs\2024-10-07T18_29_30_415Z-
10 verbose logfile C:\Users\anaka\OneDrive\Desktop\PureReact\crwn-clothing\UsersanakaAppDataLocalnpm-cache\_logs\2024-10-07T18_29_30_415Z-debug-0.log
11 silly logfile start cleaning logs, removing 1 files
12 silly logfile done cleaning log files
13 http fetch GET 200 https://registry.npmjs.org/web-vitals 1121ms (cache miss)
14 verbose cwd c:\Users\anaka\OneDrive\Desktop\PureReact\crwn-clothing
15 verbose os Windows_NT 10.0.22631
16 verbose node v20.17.0
17 verbose npm  v10.8.2
18 verbose exit 0
19 info ok
